{
  "stats": {
    "suites": 1,
    "tests": 5,
    "passes": 5,
    "pending": 0,
    "failures": 0,
    "start": "2022-10-12T11:30:24.664Z",
    "end": "2022-10-12T11:32:08.582Z",
    "duration": 103918,
    "testsRegistered": 5,
    "passPercent": 100,
    "pendingPercent": 0,
    "other": 0,
    "hasOther": false,
    "skipped": 0,
    "hasSkipped": false
  },
  "results": [
    {
      "uuid": "bba2a9c3-8845-4ed4-8157-fb00f04f48ea",
      "title": "",
      "fullFile": "cypress/integration/automation/assignment practice.js",
      "file": "cypress/integration/automation/assignment practice.js",
      "beforeHooks": [],
      "afterHooks": [],
      "tests": [],
      "suites": [
        {
          "uuid": "e823f0bf-a897-4d44-8399-ac685530e4a3",
          "title": "SDET assignment",
          "fullFile": "",
          "file": "",
          "beforeHooks": [],
          "afterHooks": [],
          "tests": [
            {
              "title": "Task 1",
              "fullTitle": "SDET assignment Task 1",
              "timedOut": null,
              "duration": 11911,
              "state": "passed",
              "speed": "slow",
              "pass": true,
              "fail": false,
              "pending": false,
              "context": null,
              "code": "cy.get('#search_query_top').click().type('sum');\ncy.get('.ac_results li.ac_even').contains('Dresses').should('be.visible');\ncy.wait(3000);",
              "err": {},
              "uuid": "fd5244fb-36f7-4baf-b305-690efab641b6",
              "parentUUID": "e823f0bf-a897-4d44-8399-ac685530e4a3",
              "isHook": false,
              "skipped": false
            },
            {
              "title": "Task 2",
              "fullTitle": "SDET assignment Task 2",
              "timedOut": null,
              "duration": 9041,
              "state": "passed",
              "speed": "medium",
              "pass": true,
              "fail": false,
              "pending": false,
              "context": null,
              "code": "cy.get('#search_query_top').click().type('sum');\ncy.get('#searchbox > .btn').click();\ncy.wait(3000);\ncy.get('.product_list').contains('Summer').should('be.visible');\ncy.get('.first-in-line.first-item-of-tablet-line > .product-container > .right-block > h5 > .product-name').should('be.visible');\ncy.get(':nth-child(2) > .product-container > .right-block > h5 > .product-name').should('be.visible');",
              "err": {},
              "uuid": "25cedb3d-e4b3-44a9-8720-43685e7d88ad",
              "parentUUID": "e823f0bf-a897-4d44-8399-ac685530e4a3",
              "isHook": false,
              "skipped": false
            },
            {
              "title": "Task 3",
              "fullTitle": "SDET assignment Task 3",
              "timedOut": null,
              "duration": 22470,
              "state": "passed",
              "speed": "slow",
              "pass": true,
              "fail": false,
              "pending": false,
              "context": null,
              "code": "cy.get('.sf-menu > :nth-child(3) > a').click();\ncy.wait(3000);\ncy.get('.product_img_link > .replace-2x').click();\ncy.wait(4000);\ncy.get('#group_1').select('L').should('have.value', '3'); // selecting based on text\n// cy.get('#group_1').select('3').should('have.value','3') // selecting based on value\ncy.get('.exclusive > span').click();",
              "err": {},
              "uuid": "dd84846f-5202-46bd-a399-8eadc368c3cc",
              "parentUUID": "e823f0bf-a897-4d44-8399-ac685530e4a3",
              "isHook": false,
              "skipped": false
            },
            {
              "title": "Task 4",
              "fullTitle": "SDET assignment Task 4",
              "timedOut": null,
              "duration": 28131,
              "state": "passed",
              "speed": "slow",
              "pass": true,
              "fail": false,
              "pending": false,
              "context": null,
              "code": "let Email = 'chakri@gmailmail.com';\nlet OrderReference = '8885143094';\ncy.get('#contact-link > a').click();\ncy.wait(2000);\ncy.get('#id_contact').select('Customer service').should('have.value', '2');\ncy.get('#email').type(Email);\ncy.wait(1000);\ncy.get('#id_order').type(OrderReference);\ncy.wait(1000); //uploading file\ncy.get(\"input[type=file]\").attachFile(\"tshirt.jpg\");\ncy.get('#message').type('Testing file upload');\ncy.wait(5000);\ncy.get('#submitMessage > span').should('not.be.disabled').click();\ncy.wait(5000);",
              "err": {},
              "uuid": "0d328f35-dfa5-429e-b9c6-188790575e9b",
              "parentUUID": "e823f0bf-a897-4d44-8399-ac685530e4a3",
              "isHook": false,
              "skipped": false
            },
            {
              "title": "Task 5",
              "fullTitle": "SDET assignment Task 5",
              "timedOut": null,
              "duration": 27030,
              "state": "passed",
              "speed": "slow",
              "pass": true,
              "fail": false,
              "pending": false,
              "context": null,
              "code": "cy.get('.sf-menu > :nth-child(2) > .sf-with-ul').click();\ncy.get('.last-in-line > .product-container > .left-block > .product-image-container > .product_img_link > .replace-2x').click();\ncy.get('#reduction_percent_display').should('have.text', '-5%');\nfor (let n = 0; n <= 3; n++) {\n  cy.get('.icon-plus').click();\n} // selecting Quantity\n//cy.get('.icon-plus').click().click().click().click()\n\ncy.get('.exclusive > span').click();\ncy.get('#quantity_wanted').should('have.value', '5');\ncy.wait(3000);\ncy.get(\"a[title='Proceed to checkout']\").click({\n  force: true\n});\ncy.wait(5000);\ncy.get('#product_price_5_19_0 > .price').should('have.text', '$28.98');\ncy.get('.old-price').should('have.text', '$30.51');\ncy.get('#total_price').should('have.text', '$146.90');",
              "err": {},
              "uuid": "ff3aa5a1-7813-4685-bcd4-9e92b0b0c71e",
              "parentUUID": "e823f0bf-a897-4d44-8399-ac685530e4a3",
              "isHook": false,
              "skipped": false
            }
          ],
          "suites": [],
          "passes": [
            "fd5244fb-36f7-4baf-b305-690efab641b6",
            "25cedb3d-e4b3-44a9-8720-43685e7d88ad",
            "dd84846f-5202-46bd-a399-8eadc368c3cc",
            "0d328f35-dfa5-429e-b9c6-188790575e9b",
            "ff3aa5a1-7813-4685-bcd4-9e92b0b0c71e"
          ],
          "failures": [],
          "pending": [],
          "skipped": [],
          "duration": 98583,
          "root": false,
          "rootEmpty": false,
          "_timeout": 2000
        }
      ],
      "passes": [],
      "failures": [],
      "pending": [],
      "skipped": [],
      "duration": 0,
      "root": true,
      "rootEmpty": true,
      "_timeout": 2000
    }
  ],
  "meta": {
    "mocha": {
      "version": "7.0.1"
    },
    "mochawesome": {
      "options": {
        "quiet": false,
        "reportFilename": "mochawesome",
        "saveHtml": true,
        "saveJson": true,
        "consoleReporter": "spec",
        "useInlineDiffs": false,
        "code": true
      },
      "version": "7.1.3"
    },
    "marge": {
      "options": {
        "charts": true,
        "overwrite": true,
        "html": true,
        "json": true,
        "reportDir": "cypress/reports/html-reports",
        "embeddedScreenshorts": true
      },
      "version": "6.2.0"
    }
  }
}