{
  "stats": {
    "suites": 1,
    "tests": 1,
    "passes": 0,
    "pending": 0,
    "failures": 1,
    "start": "2022-09-05T12:14:35.197Z",
    "end": "2022-09-05T12:15:15.617Z",
    "duration": 40420,
    "testsRegistered": 1,
    "passPercent": 0,
    "pendingPercent": 0,
    "other": 0,
    "hasOther": false,
    "skipped": 0,
    "hasSkipped": false
  },
  "results": [
    {
      "uuid": "a31b7794-ba3c-4759-8cf9-6d10f4c25a83",
      "title": "",
      "fullFile": "cypress/integration/automation/SDETassignment.js",
      "file": "cypress/integration/automation/SDETassignment.js",
      "beforeHooks": [],
      "afterHooks": [],
      "tests": [],
      "suites": [
        {
          "uuid": "90659c81-2f9c-4791-b776-48049e3d2e89",
          "title": "SDET assignment",
          "fullFile": "",
          "file": "",
          "beforeHooks": [],
          "afterHooks": [],
          "tests": [
            {
              "title": "Task 5",
              "fullTitle": "SDET assignment Task 5",
              "timedOut": null,
              "duration": 32728,
              "state": "failed",
              "speed": null,
              "pass": false,
              "fail": true,
              "pending": false,
              "context": null,
              "code": "cy.get('.sf-menu > :nth-child(2) > .sf-with-ul').click();\ncy.get('.first-in-line.first-item-of-tablet-line > .product-container > .left-block > .product-image-container > .product_img_link > .replace-2x').click();\ncy.get('#our_price_display').should('have.value', '26.00');\nfor (let n = 0; n <= 3; n++) {\n  cy.get('.icon-plus').click();\n} // selecting Quantity\n//cy.get('.icon-plus').click().click().click().click()\n\ncy.get('.exclusive > span').click();\ncy.get('#quantity_wanted').should('have.value', '5');",
              "err": {
                "message": "AssertionError: Timed out retrying after 5000ms: expected '<span#our_price_display>' to have value '26.00', but the value was ''",
                "estack": "AssertionError: Timed out retrying after 5000ms: expected '<span#our_price_display>' to have value '26.00', but the value was ''\n    at Context.eval (http://automationpractice.com/__cypress/tests?p=cypress\\integration\\automation\\SDETassignment.js:108:34)",
                "diff": "+ '26.00'\n"
              },
              "uuid": "a81f2f07-917a-498b-ba78-bef617335094",
              "parentUUID": "90659c81-2f9c-4791-b776-48049e3d2e89",
              "isHook": false,
              "skipped": false
            }
          ],
          "suites": [],
          "passes": [],
          "failures": [
            "a81f2f07-917a-498b-ba78-bef617335094"
          ],
          "pending": [],
          "skipped": [],
          "duration": 32728,
          "root": false,
          "rootEmpty": false,
          "_timeout": 2000
        }
      ],
      "passes": [],
      "failures": [],
      "pending": [],
      "skipped": [],
      "duration": 0,
      "root": true,
      "rootEmpty": true,
      "_timeout": 2000
    }
  ],
  "meta": {
    "mocha": {
      "version": "7.0.1"
    },
    "mochawesome": {
      "options": {
        "quiet": false,
        "reportFilename": "mochawesome",
        "saveHtml": false,
        "saveJson": true,
        "consoleReporter": "spec",
        "useInlineDiffs": false,
        "code": true
      },
      "version": "7.1.3"
    },
    "marge": {
      "options": {
        "charts": true,
        "overwrite": false,
        "html": false,
        "json": true,
        "reportDir": "cypress/reports"
      },
      "version": "6.2.0"
    }
  }
}