{
  "stats": {
    "suites": 1,
    "tests": 1,
    "passes": 1,
    "pending": 0,
    "failures": 0,
    "start": "2022-09-05T12:49:56.843Z",
    "end": "2022-09-05T12:50:35.443Z",
    "duration": 38600,
    "testsRegistered": 1,
    "passPercent": 100,
    "pendingPercent": 0,
    "other": 0,
    "hasOther": false,
    "skipped": 0,
    "hasSkipped": false
  },
  "results": [
    {
      "uuid": "6271aba0-48c2-438f-b315-01c08a5c5cdc",
      "title": "",
      "fullFile": "cypress/integration/automation/assignment practice.js",
      "file": "cypress/integration/automation/assignment practice.js",
      "beforeHooks": [],
      "afterHooks": [],
      "tests": [],
      "suites": [
        {
          "uuid": "0de4e914-7e8a-49f9-91b7-fe80d6946e00",
          "title": "SDET assignment",
          "fullFile": "",
          "file": "",
          "beforeHooks": [],
          "afterHooks": [],
          "tests": [
            {
              "title": "Task 5",
              "fullTitle": "SDET assignment Task 5",
              "timedOut": null,
              "duration": 28222,
              "state": "passed",
              "speed": "slow",
              "pass": true,
              "fail": false,
              "pending": false,
              "context": null,
              "code": "cy.get('.sf-menu > :nth-child(2) > .sf-with-ul').click();\ncy.get('.first-in-line.first-item-of-tablet-line > .product-container > .left-block > .product-image-container > .product_img_link > .replace-2x').click();\nfor (let n = 0; n <= 3; n++) {\n  cy.get('.icon-plus').click();\n} // selecting Quantity\n//cy.get('.icon-plus').click().click().click().click()\n\ncy.get('.exclusive > span').click();",
              "err": {},
              "uuid": "3f03297b-d175-4bb0-b362-4ea2fd2a75b7",
              "parentUUID": "0de4e914-7e8a-49f9-91b7-fe80d6946e00",
              "isHook": false,
              "skipped": false
            }
          ],
          "suites": [],
          "passes": [
            "3f03297b-d175-4bb0-b362-4ea2fd2a75b7"
          ],
          "failures": [],
          "pending": [],
          "skipped": [],
          "duration": 28222,
          "root": false,
          "rootEmpty": false,
          "_timeout": 2000
        }
      ],
      "passes": [],
      "failures": [],
      "pending": [],
      "skipped": [],
      "duration": 0,
      "root": true,
      "rootEmpty": true,
      "_timeout": 2000
    }
  ],
  "meta": {
    "mocha": {
      "version": "7.0.1"
    },
    "mochawesome": {
      "options": {
        "quiet": false,
        "reportFilename": "mochawesome",
        "saveHtml": true,
        "saveJson": true,
        "consoleReporter": "spec",
        "useInlineDiffs": false,
        "code": true
      },
      "version": "7.1.3"
    },
    "marge": {
      "options": {
        "charts": true,
        "overwrite": true,
        "html": true,
        "json": true,
        "reportDir": "cypress/reports/mochawesome-report"
      },
      "version": "6.2.0"
    }
  }
}